2018-12-03 11:53:33 9316 [Note] Plugin 'FEDERATED' is disabled.
2018-12-03 11:53:33 9316 [Note] InnoDB: The InnoDB memory heap is disabled
2018-12-03 11:53:33 9316 [Note] InnoDB: Mutexes and rw_locks use Windows interlocked functions
2018-12-03 11:53:33 9316 [Note] InnoDB: Compressed tables use zlib 1.2.3
2018-12-03 11:53:33 9316 [Note] InnoDB: Not using CPU crc32 instructions
2018-12-03 11:53:33 9316 [Note] InnoDB: Initializing buffer pool, size = 128.0M
2018-12-03 11:53:33 9316 [Note] InnoDB: Completed initialization of buffer pool
2018-12-03 11:53:33 9316 [Note] InnoDB: Setting log file C:\Users\cal16135681\Documents\neueda-springboot-2018\USBWebserver v8.6\mysql\data\ib_logfile101 size to 5 MB
2018-12-03 11:53:33 9316 [Note] InnoDB: Setting log file C:\Users\cal16135681\Documents\neueda-springboot-2018\USBWebserver v8.6\mysql\data\ib_logfile1 size to 5 MB
2018-12-03 11:53:33 9316 [Note] InnoDB: Renaming log file C:\Users\cal16135681\Documents\neueda-springboot-2018\USBWebserver v8.6\mysql\data\ib_logfile101 to C:\Users\cal16135681\Documents\neueda-springboot-2018\USBWebserver v8.6\mysql\data\ib_logfile0
2018-12-03 11:53:33 9316 [Warning] InnoDB: New log files created, LSN=1626134
2018-12-03 11:53:33 9316 [Note] InnoDB: Highest supported file format is Barracuda.
2018-12-03 11:53:33 9316 [Note] InnoDB: 128 rollback segment(s) are active.
2018-12-03 11:53:33 9316 [Note] InnoDB: Waiting for purge to start
2018-12-03 11:53:33 9316 [Note] InnoDB: 5.6.13 started; log sequence number 1626636
2018-12-03 11:53:33 9316 [Warning] No existing UUID has been found, so we assume that this is the first time that this server has been started. Generating a new UUID: 0f9787cb-f6f2-11e8-a7d0-40a8f04294e5.
2018-12-03 11:53:33 9316 [Note] Server hostname (bind-address): '*'; port: 3307
2018-12-03 11:53:33 9316 [Note] IPv6 is available.
2018-12-03 11:53:33 9316 [Note]   - '::' resolves to '::';
2018-12-03 11:53:33 9316 [Note] Server socket created on IP: '::'.
2018-12-03 12:18:28 7088 [Note] Plugin 'FEDERATED' is disabled.
2018-12-03 12:18:28 7088 [Note] InnoDB: The InnoDB memory heap is disabled
2018-12-03 12:18:28 7088 [Note] InnoDB: Mutexes and rw_locks use Windows interlocked functions
2018-12-03 12:18:28 7088 [Note] InnoDB: Compressed tables use zlib 1.2.3
2018-12-03 12:18:28 7088 [Note] InnoDB: Not using CPU crc32 instructions
2018-12-03 12:18:28 7088 [Note] InnoDB: Initializing buffer pool, size = 128.0M
2018-12-03 12:18:28 7088 [Note] InnoDB: Completed initialization of buffer pool
2018-12-03 12:18:29 7088 [Note] InnoDB: Highest supported file format is Barracuda.
2018-12-03 12:18:29 7088 [Note] InnoDB: The log sequence numbers 1626134 and 1626134 in ibdata files do not match the log sequence number 1626646 in the ib_logfiles!
2018-12-03 12:18:29 7088 [Note] InnoDB: Database was not shutdown normally!
2018-12-03 12:18:29 7088 [Note] InnoDB: Starting crash recovery.
2018-12-03 12:18:29 7088 [Note] InnoDB: Reading tablespace information from the .ibd files...
2018-12-03 12:18:29 7088 [Note] InnoDB: Restoring possible half-written data pages 
2018-12-03 12:18:29 7088 [Note] InnoDB: from the doublewrite buffer...
2018-12-03 12:18:29 7088 [Note] InnoDB: 128 rollback segment(s) are active.
2018-12-03 12:18:29 7088 [Note] InnoDB: Waiting for purge to start
2018-12-03 12:18:29 7088 [Note] InnoDB: 5.6.13 started; log sequence number 1626646
2018-12-03 12:18:29 7088 [Note] Server hostname (bind-address): '*'; port: 3606
2018-12-03 12:18:29 7088 [Note] IPv6 is available.
2018-12-03 12:18:29 7088 [Note]   - '::' resolves to '::';
2018-12-03 12:18:29 7088 [Note] Server socket created on IP: '::'.
2018-12-03 13:43:54 8948 [Note] Plugin 'FEDERATED' is disabled.
2018-12-03 13:43:54 8948 [Note] InnoDB: The InnoDB memory heap is disabled
2018-12-03 13:43:54 8948 [Note] InnoDB: Mutexes and rw_locks use Windows interlocked functions
2018-12-03 13:43:54 8948 [Note] InnoDB: Compressed tables use zlib 1.2.3
2018-12-03 13:43:54 8948 [Note] InnoDB: Not using CPU crc32 instructions
2018-12-03 13:43:54 8948 [Note] InnoDB: Initializing buffer pool, size = 128.0M
2018-12-03 13:43:54 8948 [Note] InnoDB: Completed initialization of buffer pool
2018-12-03 13:43:54 8948 [Note] InnoDB: Highest supported file format is Barracuda.
2018-12-03 13:43:54 8948 [Note] InnoDB: The log sequence numbers 1626134 and 1626134 in ibdata files do not match the log sequence number 1626656 in the ib_logfiles!
2018-12-03 13:43:54 8948 [Note] InnoDB: Database was not shutdown normally!
2018-12-03 13:43:54 8948 [Note] InnoDB: Starting crash recovery.
2018-12-03 13:43:54 8948 [Note] InnoDB: Reading tablespace information from the .ibd files...
2018-12-03 13:43:54 8948 [Note] InnoDB: Restoring possible half-written data pages 
2018-12-03 13:43:54 8948 [Note] InnoDB: from the doublewrite buffer...
2018-12-03 13:43:55 8948 [Note] InnoDB: 128 rollback segment(s) are active.
2018-12-03 13:43:55 8948 [Note] InnoDB: Waiting for purge to start
2018-12-03 13:43:55 8948 [Note] InnoDB: 5.6.13 started; log sequence number 1626656
2018-12-03 13:43:55 8948 [Note] Server hostname (bind-address): '*'; port: 3606
2018-12-03 13:43:55 8948 [Note] IPv6 is available.
2018-12-03 13:43:55 8948 [Note]   - '::' resolves to '::';
2018-12-03 13:43:55 8948 [Note] Server socket created on IP: '::'.
2018-12-03 13:44:10 5204 [Note] Plugin 'FEDERATED' is disabled.
2018-12-03 13:44:10 5204 [Note] InnoDB: The InnoDB memory heap is disabled
2018-12-03 13:44:10 5204 [Note] InnoDB: Mutexes and rw_locks use Windows interlocked functions
2018-12-03 13:44:10 5204 [Note] InnoDB: Compressed tables use zlib 1.2.3
2018-12-03 13:44:10 5204 [Note] InnoDB: Not using CPU crc32 instructions
2018-12-03 13:44:10 5204 [Note] InnoDB: Initializing buffer pool, size = 128.0M
2018-12-03 13:44:10 5204 [Note] InnoDB: Completed initialization of buffer pool
2018-12-03 13:44:10 5204 [Note] InnoDB: Highest supported file format is Barracuda.
2018-12-03 13:44:10 5204 [Note] InnoDB: The log sequence numbers 1626134 and 1626134 in ibdata files do not match the log sequence number 1626666 in the ib_logfiles!
2018-12-03 13:44:10 5204 [Note] InnoDB: Database was not shutdown normally!
2018-12-03 13:44:10 5204 [Note] InnoDB: Starting crash recovery.
2018-12-03 13:44:10 5204 [Note] InnoDB: Reading tablespace information from the .ibd files...
2018-12-03 13:44:10 5204 [Note] InnoDB: Restoring possible half-written data pages 
2018-12-03 13:44:10 5204 [Note] InnoDB: from the doublewrite buffer...
2018-12-03 13:44:10 5204 [Note] InnoDB: 128 rollback segment(s) are active.
2018-12-03 13:44:10 5204 [Note] InnoDB: Waiting for purge to start
2018-12-03 13:44:11 5204 [Note] InnoDB: 5.6.13 started; log sequence number 1626666
2018-12-03 13:44:11 5204 [Note] Server hostname (bind-address): '*'; port: 3306
2018-12-03 13:44:11 5204 [Note] IPv6 is available.
2018-12-03 13:44:11 5204 [Note]   - '::' resolves to '::';
2018-12-03 13:44:11 5204 [Note] Server socket created on IP: '::'.
2018-12-03 13:44:16 3944 [Note] Plugin 'FEDERATED' is disabled.
2018-12-03 13:44:16 3944 [Note] InnoDB: The InnoDB memory heap is disabled
2018-12-03 13:44:16 3944 [Note] InnoDB: Mutexes and rw_locks use Windows interlocked functions
2018-12-03 13:44:16 3944 [Note] InnoDB: Compressed tables use zlib 1.2.3
2018-12-03 13:44:16 3944 [Note] InnoDB: Not using CPU crc32 instructions
2018-12-03 13:44:16 3944 [Note] InnoDB: Initializing buffer pool, size = 128.0M
2018-12-03 13:44:16 3944 [Note] InnoDB: Completed initialization of buffer pool
2018-12-03 13:44:16 3944 [Note] InnoDB: Highest supported file format is Barracuda.
2018-12-03 13:44:16 3944 [Note] InnoDB: Log scan progressed past the checkpoint lsn 1626666
2018-12-03 13:44:16 3944 [Note] InnoDB: Database was not shutdown normally!
2018-12-03 13:44:16 3944 [Note] InnoDB: Starting crash recovery.
2018-12-03 13:44:16 3944 [Note] InnoDB: Reading tablespace information from the .ibd files...
2018-12-03 13:44:16 3944 [Note] InnoDB: Restoring possible half-written data pages 
2018-12-03 13:44:16 3944 [Note] InnoDB: from the doublewrite buffer...
InnoDB: Doing recovery: scanned up to log sequence number 1626676
2018-12-03 13:44:16 3944 [Note] InnoDB: 128 rollback segment(s) are active.
2018-12-03 13:44:16 3944 [Note] InnoDB: Waiting for purge to start
2018-12-03 13:44:16 3944 [Note] InnoDB: 5.6.13 started; log sequence number 1626676
2018-12-03 13:44:16 3944 [Note] Server hostname (bind-address): '*'; port: 3306
2018-12-03 13:44:16 3944 [Note] IPv6 is available.
2018-12-03 13:44:16 3944 [Note]   - '::' resolves to '::';
2018-12-03 13:44:16 3944 [Note] Server socket created on IP: '::'.
2018-12-04 09:27:18 3040 [Note] Plugin 'FEDERATED' is disabled.
2018-12-04 09:27:18 3040 [Note] InnoDB: The InnoDB memory heap is disabled
2018-12-04 09:27:18 3040 [Note] InnoDB: Mutexes and rw_locks use Windows interlocked functions
2018-12-04 09:27:18 3040 [Note] InnoDB: Compressed tables use zlib 1.2.3
2018-12-04 09:27:18 3040 [Note] InnoDB: Not using CPU crc32 instructions
2018-12-04 09:27:18 3040 [Note] InnoDB: Initializing buffer pool, size = 128.0M
2018-12-04 09:27:18 3040 [Note] InnoDB: Completed initialization of buffer pool
2018-12-04 09:27:18 3040 [Note] InnoDB: Highest supported file format is Barracuda.
2018-12-04 09:27:18 3040 [Note] InnoDB: The log sequence numbers 1626134 and 1626134 in ibdata files do not match the log sequence number 1626686 in the ib_logfiles!
2018-12-04 09:27:18 3040 [Note] InnoDB: Database was not shutdown normally!
2018-12-04 09:27:18 3040 [Note] InnoDB: Starting crash recovery.
2018-12-04 09:27:18 3040 [Note] InnoDB: Reading tablespace information from the .ibd files...
2018-12-04 09:27:18 3040 [Note] InnoDB: Restoring possible half-written data pages 
2018-12-04 09:27:18 3040 [Note] InnoDB: from the doublewrite buffer...
2018-12-04 09:27:21 3040 [Note] InnoDB: 128 rollback segment(s) are active.
2018-12-04 09:27:21 3040 [Note] InnoDB: Waiting for purge to start
2018-12-04 09:27:21 3040 [Note] InnoDB: 5.6.13 started; log sequence number 1626686
2018-12-04 09:27:21 3040 [Note] Server hostname (bind-address): '*'; port: 3306
2018-12-04 09:27:21 3040 [Note] IPv6 is available.
2018-12-04 09:27:21 3040 [Note]   - '::' resolves to '::';
2018-12-04 09:27:21 3040 [Note] Server socket created on IP: '::'.
2018-12-05 09:30:53 10776 [Note] Plugin 'FEDERATED' is disabled.
2018-12-05 09:30:53 10776 [Note] InnoDB: The InnoDB memory heap is disabled
2018-12-05 09:30:53 10776 [Note] InnoDB: Mutexes and rw_locks use Windows interlocked functions
2018-12-05 09:30:53 10776 [Note] InnoDB: Compressed tables use zlib 1.2.3
2018-12-05 09:30:53 10776 [Note] InnoDB: Not using CPU crc32 instructions
2018-12-05 09:30:53 10776 [Note] InnoDB: Initializing buffer pool, size = 128.0M
2018-12-05 09:30:53 10776 [Note] InnoDB: Completed initialization of buffer pool
2018-12-05 09:30:53 10776 [Note] InnoDB: Highest supported file format is Barracuda.
2018-12-05 09:30:53 10776 [Note] InnoDB: The log sequence numbers 1626134 and 1626134 in ibdata files do not match the log sequence number 1626696 in the ib_logfiles!
2018-12-05 09:30:53 10776 [Note] InnoDB: Database was not shutdown normally!
2018-12-05 09:30:53 10776 [Note] InnoDB: Starting crash recovery.
2018-12-05 09:30:53 10776 [Note] InnoDB: Reading tablespace information from the .ibd files...
2018-12-05 09:30:54 10776 [Note] InnoDB: Restoring possible half-written data pages 
2018-12-05 09:30:54 10776 [Note] InnoDB: from the doublewrite buffer...
2018-12-05 09:30:58 10776 [Note] InnoDB: 128 rollback segment(s) are active.
2018-12-05 09:30:58 10776 [Note] InnoDB: Waiting for purge to start
2018-12-05 09:30:58 10776 [Note] InnoDB: 5.6.13 started; log sequence number 1626696
2018-12-05 09:30:58 10776 [Note] Server hostname (bind-address): '*'; port: 3306
2018-12-05 09:30:58 10776 [Note] IPv6 is available.
2018-12-05 09:30:58 10776 [Note]   - '::' resolves to '::';
2018-12-05 09:30:58 10776 [Note] Server socket created on IP: '::'.
2018-12-05 10:10:35 512 [Note] Plugin 'FEDERATED' is disabled.
2018-12-05 10:10:35 512 [Note] InnoDB: The InnoDB memory heap is disabled
2018-12-05 10:10:35 512 [Note] InnoDB: Mutexes and rw_locks use Windows interlocked functions
2018-12-05 10:10:35 512 [Note] InnoDB: Compressed tables use zlib 1.2.3
2018-12-05 10:10:35 512 [Note] InnoDB: Not using CPU crc32 instructions
2018-12-05 10:10:35 512 [Note] InnoDB: Initializing buffer pool, size = 128.0M
2018-12-05 10:10:36 512 [Note] InnoDB: Completed initialization of buffer pool
2018-12-05 10:10:36 512 [Note] InnoDB: Highest supported file format is Barracuda.
2018-12-05 10:10:36 512 [Note] InnoDB: The log sequence numbers 1626134 and 1626134 in ibdata files do not match the log sequence number 1626706 in the ib_logfiles!
2018-12-05 10:10:36 512 [Note] InnoDB: Database was not shutdown normally!
2018-12-05 10:10:36 512 [Note] InnoDB: Starting crash recovery.
2018-12-05 10:10:36 512 [Note] InnoDB: Reading tablespace information from the .ibd files...
2018-12-05 10:10:36 512 [Note] InnoDB: Restoring possible half-written data pages 
2018-12-05 10:10:36 512 [Note] InnoDB: from the doublewrite buffer...
2018-12-05 10:10:39 512 [Note] InnoDB: 128 rollback segment(s) are active.
2018-12-05 10:10:39 512 [Note] InnoDB: Waiting for purge to start
2018-12-05 10:10:39 512 [Note] InnoDB: 5.6.13 started; log sequence number 1626706
2018-12-05 10:10:39 512 [Note] Server hostname (bind-address): '*'; port: 3306
2018-12-05 10:10:39 512 [Note] IPv6 is available.
2018-12-05 10:10:39 512 [Note]   - '::' resolves to '::';
2018-12-05 10:10:39 512 [Note] Server socket created on IP: '::'.
2018-12-06 09:49:02 10364 [Note] Plugin 'FEDERATED' is disabled.
2018-12-06 09:49:02 10364 [Note] InnoDB: The InnoDB memory heap is disabled
2018-12-06 09:49:02 10364 [Note] InnoDB: Mutexes and rw_locks use Windows interlocked functions
2018-12-06 09:49:02 10364 [Note] InnoDB: Compressed tables use zlib 1.2.3
2018-12-06 09:49:02 10364 [Note] InnoDB: Not using CPU crc32 instructions
2018-12-06 09:49:02 10364 [Note] InnoDB: Initializing buffer pool, size = 128.0M
2018-12-06 09:49:02 10364 [Note] InnoDB: Completed initialization of buffer pool
2018-12-06 09:49:02 10364 [Note] InnoDB: Highest supported file format is Barracuda.
2018-12-06 09:49:02 10364 [Note] InnoDB: The log sequence numbers 1626134 and 1626134 in ibdata files do not match the log sequence number 1626716 in the ib_logfiles!
2018-12-06 09:49:02 10364 [Note] InnoDB: Database was not shutdown normally!
2018-12-06 09:49:02 10364 [Note] InnoDB: Starting crash recovery.
2018-12-06 09:49:02 10364 [Note] InnoDB: Reading tablespace information from the .ibd files...
2018-12-06 09:49:03 10364 [Note] InnoDB: Restoring possible half-written data pages 
2018-12-06 09:49:03 10364 [Note] InnoDB: from the doublewrite buffer...
2018-12-06 09:49:03 10364 [Note] InnoDB: 128 rollback segment(s) are active.
2018-12-06 09:49:03 10364 [Note] InnoDB: Waiting for purge to start
2018-12-06 09:49:03 10364 [Note] InnoDB: 5.6.13 started; log sequence number 1626716
2018-12-06 09:49:03 10364 [Note] Server hostname (bind-address): '*'; port: 3306
2018-12-06 09:49:03 10364 [Note] IPv6 is available.
2018-12-06 09:49:03 10364 [Note]   - '::' resolves to '::';
2018-12-06 09:49:03 10364 [Note] Server socket created on IP: '::'.
2018-12-06 09:49:21 4780 [Note] Plugin 'FEDERATED' is disabled.
2018-12-06 09:49:21 4780 [Note] InnoDB: The InnoDB memory heap is disabled
2018-12-06 09:49:21 4780 [Note] InnoDB: Mutexes and rw_locks use Windows interlocked functions
2018-12-06 09:49:21 4780 [Note] InnoDB: Compressed tables use zlib 1.2.3
2018-12-06 09:49:21 4780 [Note] InnoDB: Not using CPU crc32 instructions
2018-12-06 09:49:21 4780 [Note] InnoDB: Initializing buffer pool, size = 128.0M
2018-12-06 09:49:21 4780 [Note] InnoDB: Completed initialization of buffer pool
2018-12-06 09:49:22 4780 [Note] InnoDB: Highest supported file format is Barracuda.
2018-12-06 09:49:22 4780 [Note] InnoDB: The log sequence numbers 1626134 and 1626134 in ibdata files do not match the log sequence number 1626726 in the ib_logfiles!
2018-12-06 09:49:22 4780 [Note] InnoDB: Database was not shutdown normally!
2018-12-06 09:49:22 4780 [Note] InnoDB: Starting crash recovery.
2018-12-06 09:49:22 4780 [Note] InnoDB: Reading tablespace information from the .ibd files...
2018-12-06 09:49:22 4780 [Note] InnoDB: Restoring possible half-written data pages 
2018-12-06 09:49:22 4780 [Note] InnoDB: from the doublewrite buffer...
2018-12-06 09:49:22 4780 [Note] InnoDB: 128 rollback segment(s) are active.
2018-12-06 09:49:22 4780 [Note] InnoDB: Waiting for purge to start
2018-12-06 09:49:22 4780 [Note] InnoDB: 5.6.13 started; log sequence number 1626726
2018-12-06 09:49:22 4780 [Note] Server hostname (bind-address): '*'; port: 3306
2018-12-06 09:49:22 4780 [Note] IPv6 is available.
2018-12-06 09:49:22 4780 [Note]   - '::' resolves to '::';
2018-12-06 09:49:22 4780 [Note] Server socket created on IP: '::'.
2018-12-07 09:09:53 10476 [Note] Plugin 'FEDERATED' is disabled.
2018-12-07 09:09:55 10476 [Note] InnoDB: The InnoDB memory heap is disabled
2018-12-07 09:09:55 10476 [Note] InnoDB: Mutexes and rw_locks use Windows interlocked functions
2018-12-07 09:09:55 10476 [Note] InnoDB: Compressed tables use zlib 1.2.3
2018-12-07 09:09:55 10476 [Note] InnoDB: Not using CPU crc32 instructions
2018-12-07 09:09:55 10476 [Note] InnoDB: Initializing buffer pool, size = 128.0M
2018-12-07 09:09:55 10476 [Note] InnoDB: Completed initialization of buffer pool
2018-12-07 09:09:56 10476 [Note] InnoDB: Highest supported file format is Barracuda.
2018-12-07 09:09:56 10476 [Note] InnoDB: The log sequence numbers 1626134 and 1626134 in ibdata files do not match the log sequence number 1626736 in the ib_logfiles!
2018-12-07 09:09:56 10476 [Note] InnoDB: Database was not shutdown normally!
2018-12-07 09:09:56 10476 [Note] InnoDB: Starting crash recovery.
2018-12-07 09:09:56 10476 [Note] InnoDB: Reading tablespace information from the .ibd files...
2018-12-07 09:09:58 10476 [Note] InnoDB: Restoring possible half-written data pages 
2018-12-07 09:09:58 10476 [Note] InnoDB: from the doublewrite buffer...
2018-12-07 09:10:16 10476 [Note] InnoDB: 128 rollback segment(s) are active.
2018-12-07 09:10:17 10476 [Note] InnoDB: Waiting for purge to start
2018-12-07 09:10:17 10476 [Note] InnoDB: 5.6.13 started; log sequence number 1626736
2018-12-07 09:10:18 10476 [Note] Server hostname (bind-address): '*'; port: 3306
2018-12-07 09:10:18 10476 [Note] IPv6 is available.
2018-12-07 09:10:18 10476 [Note]   - '::' resolves to '::';
2018-12-07 09:10:18 10476 [Note] Server socket created on IP: '::'.
2018-12-10 11:21:50 9412 [Note] Plugin 'FEDERATED' is disabled.
2018-12-10 11:21:50 9412 [Note] InnoDB: The InnoDB memory heap is disabled
2018-12-10 11:21:50 9412 [Note] InnoDB: Mutexes and rw_locks use Windows interlocked functions
2018-12-10 11:21:50 9412 [Note] InnoDB: Compressed tables use zlib 1.2.3
2018-12-10 11:21:50 9412 [Note] InnoDB: Not using CPU crc32 instructions
2018-12-10 11:21:50 9412 [Note] InnoDB: Initializing buffer pool, size = 128.0M
2018-12-10 11:21:50 9412 [Note] InnoDB: Completed initialization of buffer pool
2018-12-10 11:21:50 9412 [Note] InnoDB: Highest supported file format is Barracuda.
2018-12-10 11:21:50 9412 [Note] InnoDB: The log sequence numbers 1626134 and 1626134 in ibdata files do not match the log sequence number 1626746 in the ib_logfiles!
2018-12-10 11:21:50 9412 [Note] InnoDB: Database was not shutdown normally!
2018-12-10 11:21:50 9412 [Note] InnoDB: Starting crash recovery.
2018-12-10 11:21:50 9412 [Note] InnoDB: Reading tablespace information from the .ibd files...
2018-12-10 11:21:50 9412 [Note] InnoDB: Restoring possible half-written data pages 
2018-12-10 11:21:50 9412 [Note] InnoDB: from the doublewrite buffer...
2018-12-10 11:21:51 9412 [Note] InnoDB: 128 rollback segment(s) are active.
2018-12-10 11:21:51 9412 [Note] InnoDB: Waiting for purge to start
2018-12-10 11:21:51 9412 [Note] InnoDB: 5.6.13 started; log sequence number 1626746
2018-12-10 11:21:51 9412 [Note] Server hostname (bind-address): '*'; port: 3306
2018-12-10 11:21:51 9412 [Note] IPv6 is available.
2018-12-10 11:21:51 9412 [Note]   - '::' resolves to '::';
2018-12-10 11:21:51 9412 [Note] Server socket created on IP: '::'.
2018-12-10 11:37:23 11424 [Note] Plugin 'FEDERATED' is disabled.
2018-12-10 11:37:23 11424 [Note] InnoDB: The InnoDB memory heap is disabled
2018-12-10 11:37:23 11424 [Note] InnoDB: Mutexes and rw_locks use Windows interlocked functions
2018-12-10 11:37:23 11424 [Note] InnoDB: Compressed tables use zlib 1.2.3
2018-12-10 11:37:23 11424 [Note] InnoDB: Not using CPU crc32 instructions
2018-12-10 11:37:23 11424 [Note] InnoDB: Initializing buffer pool, size = 128.0M
2018-12-10 11:37:23 11424 [Note] InnoDB: Completed initialization of buffer pool
2018-12-10 11:37:23 11424 [Note] InnoDB: Highest supported file format is Barracuda.
2018-12-10 11:37:23 11424 [Note] InnoDB: The log sequence numbers 1626134 and 1626134 in ibdata files do not match the log sequence number 1626756 in the ib_logfiles!
2018-12-10 11:37:23 11424 [Note] InnoDB: Database was not shutdown normally!
2018-12-10 11:37:23 11424 [Note] InnoDB: Starting crash recovery.
2018-12-10 11:37:23 11424 [Note] InnoDB: Reading tablespace information from the .ibd files...
2018-12-10 11:37:23 11424 [Note] InnoDB: Restoring possible half-written data pages 
2018-12-10 11:37:23 11424 [Note] InnoDB: from the doublewrite buffer...
2018-12-10 11:37:24 11424 [Note] InnoDB: 128 rollback segment(s) are active.
2018-12-10 11:37:24 11424 [Note] InnoDB: Waiting for purge to start
2018-12-10 11:37:24 11424 [Note] InnoDB: 5.6.13 started; log sequence number 1626756
2018-12-10 11:37:24 11424 [Note] Server hostname (bind-address): '*'; port: 3306
2018-12-10 11:37:24 11424 [Note] IPv6 is available.
2018-12-10 11:37:24 11424 [Note]   - '::' resolves to '::';
2018-12-10 11:37:24 11424 [Note] Server socket created on IP: '::'.
